{
  message: 'URI visited: https://www.leafly.com/strains?page=2 URI visited: https://www.leafly.com/strains?page=2',
  timestamp: '2022-9-2 2:28:34',
  level: 'info'
}
{
  message: 'URI visited: https://www.leafly.com/strains?page=3 URI visited: https://www.leafly.com/strains?page=3',
  timestamp: '2022-9-2 2:29:14',
  level: 'info'
}
{
  message: 'URI visited: https://www.leafly.com/strains?page=4 URI visited: https://www.leafly.com/strains?page=4',
  timestamp: '2022-9-2 2:29:55',
  level: 'info'
}
{
  message: 'URI visited: https://www.leafly.com/strains?page=5 URI visited: https://www.leafly.com/strains?page=5',
  timestamp: '2022-9-2 2:30:36',
  level: 'info'
}
{
  message: 'URI visited: https://www.leafly.com/strains?page=6 URI visited: https://www.leafly.com/strains?page=6',
  timestamp: '2022-9-2 2:31:16',
  level: 'info'
}
{
  message: 'Scrapping end Scrapping end',
  timestamp: '2022-9-2 2:31:55',
  level: 'info'
}
{
  message: 'Info descargada y guardada en la base de datos!! Info descargada y guardada en la base de datos!!',
  timestamp: '2022-9-2 2:31:57',
  level: 'info'
}
